<?xml version="1.0" encoding="UTF-8"?>
<testng-results ignored="0" total="1" passed="1" failed="0" skipped="0">
  <reporter-output>
  </reporter-output>
  <suite started-at="2021-03-18T17:00:34 IST" name="Default suite" finished-at="2021-03-18T17:01:38 IST" duration-ms="64610">
    <groups>
    </groups>
    <test started-at="2021-03-18T17:00:34 IST" name="Default test" finished-at="2021-03-18T17:01:38 IST" duration-ms="64610">
      <class name="com.AppiumJava.Practice.Demo">
        <test-method signature="runner()[pri:0, instance:com.AppiumJava.Practice.Demo@c786c923]" started-at="2021-03-18T17:00:34 IST" name="runner" finished-at="2021-03-18T17:01:38 IST" duration-ms="64572" status="PASS">
          <reporter-output>
          </reporter-output>
        </test-method> <!-- runner -->
      </class> <!-- com.AppiumJava.Practice.Demo -->
    </test> <!-- Default test -->
  </suite> <!-- Default suite -->
</testng-results>
